<?xml version="1.0" encoding="UTF-8"?>
<!-- Generated by org.testng.reporters.JUnitXMLReporter -->
<testsuite ignored="18" hostname="DESKTOP-L3M9CL3" failures="0" tests="1" name=" LoginPage" time="302.659" errors="0" timestamp="2022-12-21T19:17:45 IST">
  <testcase classname="com.vendo.Testcases.Login" name="TC_001_Verify_WithValidCredentials" time="302.426"/>
  <testcase classname="com.vendo.Testcases.Login" name="TC_013_Verify_MaxLength_Password" time="0.0">
    <ignored/>
  </testcase> <!-- TC_013_Verify_MaxLength_Password -->
  <testcase classname="com.vendo.Testcases.Login" name="TC_017_Verify_Numerics_in_Password" time="0.0">
    <ignored/>
  </testcase> <!-- TC_017_Verify_Numerics_in_Password -->
  <testcase classname="com.vendo.Testcases.Login" name="TC_010_Verify_with_BlankUsername" time="0.0">
    <ignored/>
  </testcase> <!-- TC_010_Verify_with_BlankUsername -->
  <testcase classname="com.vendo.Testcases.Login" name="TC_004_Verify_with_InvalidCredentials" time="0.0">
    <ignored/>
  </testcase> <!-- TC_004_Verify_with_InvalidCredentials -->
  <testcase classname="com.vendo.Testcases.Login" name="TC_009_Verify_withNullValue" time="0.0">
    <ignored/>
  </testcase> <!-- TC_009_Verify_withNullValue -->
  <testcase classname="com.vendo.Testcases.Login" name="TC_007_Verify_with_Specialchar_and_Numeric" time="0.0">
    <ignored/>
  </testcase> <!-- TC_007_Verify_with_Specialchar_and_Numeric -->
  <testcase classname="com.vendo.Testcases.Login" name="TC_011_Verify_with_BlankPassword" time="0.0">
    <ignored/>
  </testcase> <!-- TC_011_Verify_with_BlankPassword -->
  <testcase classname="com.vendo.Testcases.Login" name="TC_008_Verify_Page_Has_Refreshed" time="0.0">
    <ignored/>
  </testcase> <!-- TC_008_Verify_Page_Has_Refreshed -->
  <testcase classname="com.vendo.Testcases.Login" name="TC_014_Verify_Specialchar_is_allowed_Passoword" time="0.0">
    <ignored/>
  </testcase> <!-- TC_014_Verify_Specialchar_is_allowed_Passoword -->
  <testcase classname="com.vendo.Testcases.Login" name="TC_005_Verify_with_SpecialChar" time="0.0">
    <ignored/>
  </testcase> <!-- TC_005_Verify_with_SpecialChar -->
  <testcase classname="com.vendo.Testcases.Login" name="TC_015_Verify_Specialchar_in_Password" time="0.0">
    <ignored/>
  </testcase> <!-- TC_015_Verify_Specialchar_in_Password -->
  <testcase classname="com.vendo.Testcases.Login" name="TC_000_VerifyPageTitle" time="0.0">
    <ignored/>
  </testcase> <!-- TC_000_VerifyPageTitle -->
  <testcase classname="com.vendo.Testcases.Login" name="TC_016_Verify_Specialchar_in_Username" time="0.0">
    <ignored/>
  </testcase> <!-- TC_016_Verify_Specialchar_in_Username -->
  <testcase classname="com.vendo.Testcases.Login" name="TC_003_Verify_with_WrongUsername_CorrectPassword" time="0.0">
    <ignored/>
  </testcase> <!-- TC_003_Verify_with_WrongUsername_CorrectPassword -->
  <testcase classname="com.vendo.Testcases.Login" name="TC_002_Verify_withCorrectUsername_WrongPassword" time="0.0">
    <ignored/>
  </testcase> <!-- TC_002_Verify_withCorrectUsername_WrongPassword -->
  <testcase classname="com.vendo.Testcases.Login" name="TC_018_Verify_Numerics_in_Username" time="0.0">
    <ignored/>
  </testcase> <!-- TC_018_Verify_Numerics_in_Username -->
  <testcase classname="com.vendo.Testcases.Login" name="TC_012_Verify_MaxLength_Username" time="0.0">
    <ignored/>
  </testcase> <!-- TC_012_Verify_MaxLength_Username -->
  <testcase classname="com.vendo.Testcases.Login" name="TC_006_Verify_with_NumericValues" time="0.0">
    <ignored/>
  </testcase> <!-- TC_006_Verify_with_NumericValues -->
</testsuite> <!--  LoginPage -->
